TN:
SF:/Users/saheedajibulu/Documents/negotiator/src/components/Employee.vue
FN:46,(anonymous_1)
FN:52,(anonymous_2)
FN:55,(anonymous_3)
FN:60,(anonymous_4)
FN:68,(anonymous_5)
FN:76,(anonymous_6)
FN:79,(anonymous_7)
FNF:7
FNH:3
FNDA:3,(anonymous_1)
FNDA:0,(anonymous_2)
FNDA:0,(anonymous_3)
FNDA:0,(anonymous_4)
FNDA:0,(anonymous_5)
FNDA:3,(anonymous_6)
FNDA:3,(anonymous_7)
DA:28,1
DA:29,1
DA:30,1
DA:32,1
DA:46,3
DA:53,0
DA:56,0
DA:57,0
DA:58,0
DA:61,0
DA:62,0
DA:63,0
DA:64,0
DA:66,0
DA:69,0
DA:70,0
DA:71,0
DA:77,3
DA:80,3
LF:19
LH:7
BRDA:61,0,0,0
BRDA:61,0,1,0
BRDA:69,1,0,0
BRDA:69,1,1,0
BRF:4
BRH:0
end_of_record
TN:
SF:/Users/saheedajibulu/Documents/negotiator/src/components/Employer.vue
FN:46,(anonymous_1)
FN:52,(anonymous_2)
FN:55,(anonymous_3)
FN:60,(anonymous_4)
FN:68,(anonymous_5)
FN:76,(anonymous_6)
FN:79,(anonymous_7)
FNF:7
FNH:3
FNDA:3,(anonymous_1)
FNDA:0,(anonymous_2)
FNDA:0,(anonymous_3)
FNDA:0,(anonymous_4)
FNDA:0,(anonymous_5)
FNDA:3,(anonymous_6)
FNDA:3,(anonymous_7)
DA:28,1
DA:29,1
DA:30,1
DA:32,1
DA:46,3
DA:53,0
DA:56,0
DA:57,0
DA:58,0
DA:61,0
DA:62,0
DA:63,0
DA:64,0
DA:66,0
DA:69,0
DA:70,0
DA:71,0
DA:77,3
DA:80,3
LF:19
LH:7
BRDA:61,0,0,0
BRDA:61,0,1,0
BRDA:69,1,0,0
BRDA:69,1,1,0
BRF:4
BRH:0
end_of_record
TN:
SF:/Users/saheedajibulu/Documents/negotiator/src/components/Input.vue
FN:28,(anonymous_1)
FN:32,(anonymous_2)
FN:44,(anonymous_3)
FNF:3
FNH:1
FNDA:0,(anonymous_1)
FNDA:0,(anonymous_2)
FNDA:1,(anonymous_3)
DA:28,0
DA:32,0
DA:45,1
LF:3
LH:1
BRF:0
BRH:0
end_of_record
TN:
SF:/Users/saheedajibulu/Documents/negotiator/src/components/Modal.vue
FN:44,(anonymous_1)
FNF:1
FNH:1
FNDA:3,(anonymous_1)
DA:32,1
DA:45,3
LF:2
LH:2
BRF:0
BRH:0
end_of_record
TN:
SF:/Users/saheedajibulu/Documents/negotiator/src/store/index.js
FN:9,(anonymous_0)
FN:16,(anonymous_1)
FN:19,(anonymous_2)
FNF:3
FNH:3
FNDA:2,(anonymous_0)
FNDA:1,(anonymous_1)
FNDA:1,(anonymous_2)
DA:6,1
DA:8,1
DA:10,2
DA:17,1
DA:20,1
LF:5
LH:5
BRF:0
BRH:0
end_of_record
TN:
SF:/Users/saheedajibulu/Documents/negotiator/src/utils/util.js
FN:3,(anonymous_0)
FN:12,(anonymous_1)
FN:34,(anonymous_2)
FNF:3
FNH:0
FNDA:0,(anonymous_0)
FNDA:0,(anonymous_1)
FNDA:0,(anonymous_2)
DA:1,3
DA:4,0
DA:5,0
DA:6,0
DA:8,0
DA:10,0
DA:13,0
DA:14,0
DA:16,0
DA:35,0
DA:36,0
LF:11
LH:1
BRDA:4,0,0,0
BRDA:4,0,1,0
BRDA:6,1,0,0
BRDA:6,1,1,0
BRDA:6,2,0,0
BRDA:6,2,1,0
BRDA:13,3,0,0
BRDA:13,3,1,0
BRDA:34,4,0,0
BRF:9
BRH:0
end_of_record
